0 info it worked if it ends with ok
1 verbose cli [ 'C:\\Program Files\\nodejs\\node.exe',
1 verbose cli   'C:\\Program Files\\nodejs\\node_modules\\npm\\bin\\npm-cli.js',
1 verbose cli   '--registry=https://registry.npm.taobao.org',
1 verbose cli   '--cache=C:/Users/Administrator/.npm/.cache/cnpm',
1 verbose cli   '--disturl=https://npm.taobao.org/dist',
1 verbose cli   '--userconfig=C:/Users/Administrator/.cnpmrc',
1 verbose cli   'run',
1 verbose cli   'build' ]
2 info using npm@3.10.10
3 info using node@v6.10.3
4 verbose config Skipping project config: C:\Users\Administrator/.npmrc. (matches userconfig)
5 verbose stack Error: missing script: build
5 verbose stack     at run (C:\Program Files\nodejs\node_modules\npm\lib\run-script.js:151:19)
5 verbose stack     at C:\Program Files\nodejs\node_modules\npm\lib\run-script.js:61:5
5 verbose stack     at C:\Program Files\nodejs\node_modules\npm\node_modules\read-package-json\read-json.js:356:5
5 verbose stack     at checkBinReferences_ (C:\Program Files\nodejs\node_modules\npm\node_modules\read-package-json\read-json.js:320:45)
5 verbose stack     at final (C:\Program Files\nodejs\node_modules\npm\node_modules\read-package-json\read-json.js:354:3)
5 verbose stack     at then (C:\Program Files\nodejs\node_modules\npm\node_modules\read-package-json\read-json.js:124:5)
5 verbose stack     at ReadFileContext.<anonymous> (C:\Program Files\nodejs\node_modules\npm\node_modules\read-package-json\read-json.js:295:20)
5 verbose stack     at ReadFileContext.callback (C:\Program Files\nodejs\node_modules\npm\node_modules\graceful-fs\graceful-fs.js:78:16)
5 verbose stack     at FSReqWrap.readFileAfterOpen [as oncomplete] (fs.js:366:13)
6 verbose cwd C:\Users\Administrator\WebstormProjects\receipt
7 error Windows_NT 6.1.7601
8 error argv "C:\\Program Files\\nodejs\\node.exe" "C:\\Program Files\\nodejs\\node_modules\\npm\\bin\\npm-cli.js" "--registry=https://registry.npm.taobao.org" "--cache=C:/Users/Administrator/.npm/.cache/cnpm" "--disturl=https://npm.taobao.org/dist" "--userconfig=C:/Users/Administrator/.cnpmrc" "run" "build"
9 error node v6.10.3
10 error npm  v3.10.10
11 error missing script: build
12 error If you need help, you may report this error at:
12 error     <https://github.com/npm/npm/issues>
13 verbose exit [ 1, true ]
